<?xml version="1.0" encoding="UTF-8"?>
<!-- Generated by org.testng.reporters.JUnitReportReporter -->
<testsuite hostname="DESKTOP-9AT5O7U" failures="0" tests="1" name="ex1.t1" time="0.010" errors="0" timestamp="6 Sep 2021 13:00:24 GMT">
  <testcase classname="ex1.t1" name="Demo" time="0.010"/>
</testsuite> <!-- ex1.t1 -->
